<?xml version="1.0" encoding="UTF-8"?>
<!-- Generated by org.testng.reporters.JUnitReportReporter -->
<testsuite skipped="0" hostname="LAPTOP-769CRJCU" name="com.facebook.qa.test.LoginPageTest" tests="3" failures="0" timestamp="15 May 2020 04:41:17 GMT" time="17.589" errors="0">
  <testcase name="verifyLoginPageTitleTest" time="1.683" classname="com.facebook.qa.test.LoginPageTest"/>
  <testcase name="verifySignupLinkTest" time="1.562" classname="com.facebook.qa.test.LoginPageTest"/>
  <testcase name="verifyLoginTest" time="14.344" classname="com.facebook.qa.test.LoginPageTest"/>
</testsuite> <!-- com.facebook.qa.test.LoginPageTest -->
